<?xml version="1.0" encoding="UTF-8"?>

<beans xmlns="http://www.springframework.org/schema/beans"  
xmlns:xsi="http://www.w3.org/2001/XMLSchema-instance"
xsi:schemaLocation="http://www.springframework.org/schema/beans  
http://www.springframework.org/schema/beans/spring-beans.xsd">

	<bean id="test" class="com.spring.basic.SpringTest"/>
	<!-- Hotel 객체와 의존객체들의 빈 등록 및 의존성 주입 설정 -->
	<bean id="chef" class="com.spring.basic.ex01.Chef"/>
	<bean id="res" class="com.spring.basic.ex01.Restaurant">
		<!-- 생성자: <constructor-arg ref="chef"/> -->
		<property name="chef" ref="chef"/>
	</bean>
	<bean id="hotel" class="com.spring.basic.ex01.Hotel">
		<constructor-arg ref="res"/>
	</bean>
</beans>